# JRE version: Java(TM) SE Runtime Environment (22.0.2+9) (build 22.0.2+9-70)
# Java VM: Java HotSpot(TM) 64-Bit Server VM (22.0.2+9-70, mixed mode, emulated-client, sharing, tiered, compressed oops, compressed class ptrs, g1 gc, windows-amd64)
GC Precious Log:
 CardTable entry size: 512
 Card Set container configuration: InlinePtr #cards 4 size 8 Array Of Cards #cards 16 size 48 Howl #buckets 8 coarsen threshold 3686 Howl Bitmap #cards 512 size 80 coarsen threshold 460 Card regions per heap region 1 cards per card region 4096
 CPUs: 16 total, 16 available
 Memory: 16024M
 Large Page Support: Disabled
 NUMA Support: Disabled
 Compressed Oops: Enabled (Zero based)
 Heap Region Size: 2M
 Heap Min Capacity: 8M
 Heap Initial Capacity: 252M
 Heap Max Capacity: 4008M
 Pre-touch: Disabled
 Parallel Workers: 13
 Concurrent Workers: 3
 Concurrent Refinement Workers: 13
 Periodic GC: Disabled
Heap:
 garbage-first heap   total reserved 4104192K, committed 61440K, used 34456K [0x0000000705800000, 0x0000000800000000)
  region size 2048K, 12 young (24576K), 3 survivors (6144K)
 Metaspace       used 30740K, committed 31296K, reserved 1114112K
  class space    used 4315K, committed 4608K, reserved 1048576K
GC Heap History (18 events):
Event: 0.705 GC heap before
{Heap before GC invocations=0 (full 0):
 garbage-first heap   total reserved 4104192K, committed 258048K, used 22528K [0x0000000705800000, 0x0000000800000000)
  region size 2048K, 12 young (24576K), 0 survivors (0K)
 Metaspace       used 6709K, committed 6976K, reserved 1114112K
  class space    used 831K, committed 960K, reserved 1048576K
}
Event: 0.709 GC heap after
{Heap after GC invocations=1 (full 0):
 garbage-first heap   total reserved 4104192K, committed 258048K, used 6563K [0x0000000705800000, 0x0000000800000000)
  region size 2048K, 2 young (4096K), 2 survivors (4096K)
 Metaspace       used 6709K, committed 6976K, reserved 1114112K
  class space    used 831K, committed 960K, reserved 1048576K
}
Event: 1.131 GC heap before
{Heap before GC invocations=1 (full 0):
 garbage-first heap   total reserved 4104192K, committed 258048K, used 35235K [0x0000000705800000, 0x0000000800000000)
  region size 2048K, 17 young (34816K), 2 survivors (4096K)
 Metaspace       used 12104K, committed 12416K, reserved 1114112K
  class space    used 1702K, committed 1856K, reserved 1048576K
}
Event: 1.135 GC heap after
{Heap after GC invocations=2 (full 0):
 garbage-first heap   total reserved 4104192K, committed 258048K, used 8790K [0x0000000705800000, 0x0000000800000000)
  region size 2048K, 2 young (4096K), 2 survivors (4096K)
 Metaspace       used 12104K, committed 12416K, reserved 1114112K
  class space    used 1702K, committed 1856K, reserved 1048576K
}
Event: 1.199 GC heap before
{Heap before GC invocations=2 (full 0):
 garbage-first heap   total reserved 4104192K, committed 258048K, used 16982K [0x0000000705800000, 0x0000000800000000)
  region size 2048K, 8 young (16384K), 2 survivors (4096K)
 Metaspace       used 14355K, committed 14720K, reserved 1114112K
  class space    used 1946K, committed 2112K, reserved 1048576K
}
Event: 1.201 GC heap after
{Heap after GC invocations=3 (full 0):
 garbage-first heap   total reserved 4104192K, committed 258048K, used 9239K [0x0000000705800000, 0x0000000800000000)
  region size 2048K, 2 young (4096K), 2 survivors (4096K)
 Metaspace       used 14355K, committed 14720K, reserved 1114112K
  class space    used 1946K, committed 2112K, reserved 1048576K
}
Event: 1.338 GC heap before
{Heap before GC invocations=4 (full 0):
 garbage-first heap   total reserved 4104192K, committed 40960K, used 27671K [0x0000000705800000, 0x0000000800000000)
  region size 2048K, 12 young (24576K), 2 survivors (4096K)
 Metaspace       used 18153K, committed 18496K, reserved 1114112K
  class space    used 2373K, committed 2496K, reserved 1048576K
}
Event: 1.340 GC heap after
{Heap after GC invocations=5 (full 0):
 garbage-first heap   total reserved 4104192K, committed 40960K, used 10907K [0x0000000705800000, 0x0000000800000000)
  region size 2048K, 2 young (4096K), 2 survivors (4096K)
 Metaspace       used 18153K, committed 18496K, reserved 1114112K
  class space    used 2373K, committed 2496K, reserved 1048576K
}
Event: 1.572 GC heap before
{Heap before GC invocations=5 (full 0):
 garbage-first heap   total reserved 4104192K, committed 40960K, used 29339K [0x0000000705800000, 0x0000000800000000)
  region size 2048K, 11 young (22528K), 2 survivors (4096K)
 Metaspace       used 21540K, committed 21952K, reserved 1114112K
  class space    used 2881K, committed 3072K, reserved 1048576K
}
Event: 1.576 GC heap after
{Heap after GC invocations=6 (full 0):
 garbage-first heap   total reserved 4104192K, committed 40960K, used 13040K [0x0000000705800000, 0x0000000800000000)
  region size 2048K, 2 young (4096K), 2 survivors (4096K)
 Metaspace       used 21540K, committed 21952K, reserved 1114112K
  class space    used 2881K, committed 3072K, reserved 1048576K
}
Event: 1.765 GC heap before
{Heap before GC invocations=6 (full 0):
 garbage-first heap   total reserved 4104192K, committed 40960K, used 31472K [0x0000000705800000, 0x0000000800000000)
  region size 2048K, 11 young (22528K), 2 survivors (4096K)
 Metaspace       used 23318K, committed 23680K, reserved 1114112K
  class space    used 3112K, committed 3264K, reserved 1048576K
}
Event: 1.768 GC heap after
{Heap after GC invocations=7 (full 0):
 garbage-first heap   total reserved 4104192K, committed 40960K, used 15280K [0x0000000705800000, 0x0000000800000000)
  region size 2048K, 2 young (4096K), 2 survivors (4096K)
 Metaspace       used 23318K, committed 23680K, reserved 1114112K
  class space    used 3112K, committed 3264K, reserved 1048576K
}
Event: 1.922 GC heap before
{Heap before GC invocations=7 (full 0):
 garbage-first heap   total reserved 4104192K, committed 40960K, used 31664K [0x0000000705800000, 0x0000000800000000)
  region size 2048K, 10 young (20480K), 2 survivors (4096K)
 Metaspace       used 23895K, committed 24320K, reserved 1114112K
  class space    used 3213K, committed 3392K, reserved 1048576K
}
Event: 1.923 GC heap after
{Heap after GC invocations=8 (full 0):
 garbage-first heap   total reserved 4104192K, committed 149504K, used 15903K [0x0000000705800000, 0x0000000800000000)
  region size 2048K, 2 young (4096K), 2 survivors (4096K)
 Metaspace       used 23895K, committed 24320K, reserved 1114112K
  class space    used 3213K, committed 3392K, reserved 1048576K
}
Event: 1.945 GC heap before
{Heap before GC invocations=8 (full 0):
 garbage-first heap   total reserved 4104192K, committed 149504K, used 15903K [0x0000000705800000, 0x0000000800000000)
  region size 2048K, 3 young (6144K), 2 survivors (4096K)
 Metaspace       used 24161K, committed 24576K, reserved 1114112K
  class space    used 3250K, committed 3456K, reserved 1048576K
}
Event: 1.948 GC heap after
{Heap after GC invocations=9 (full 0):
 garbage-first heap   total reserved 4104192K, committed 149504K, used 16061K [0x0000000705800000, 0x0000000800000000)
  region size 2048K, 2 young (4096K), 2 survivors (4096K)
 Metaspace       used 24161K, committed 24576K, reserved 1114112K
  class space    used 3250K, committed 3456K, reserved 1048576K
}
Event: 2.430 GC heap before
{Heap before GC invocations=10 (full 0):
 garbage-first heap   total reserved 4104192K, committed 61440K, used 48829K [0x0000000705800000, 0x0000000800000000)
  region size 2048K, 18 young (36864K), 2 survivors (4096K)
 Metaspace       used 28245K, committed 28800K, reserved 1114112K
  class space    used 3913K, committed 4160K, reserved 1048576K
}
Event: 2.432 GC heap after
{Heap after GC invocations=11 (full 0):
 garbage-first heap   total reserved 4104192K, committed 61440K, used 18072K [0x0000000705800000, 0x0000000800000000)
  region size 2048K, 3 young (6144K), 3 survivors (6144K)
 Metaspace       used 28245K, committed 28800K, reserved 1114112K
  class space    used 3913K, committed 4160K, reserved 1048576K
}

